[ 2024-06-17 03:23:08,348 ] 16 root - INFO - >>>>>>>>>>>>>>>>>>>>>>>>>>>>>>>>>>>>>>>> Data Ingestion <<<<<<<<<<<<<<<<<<<<<<<<<<<<<<<<<<<<<<<<
[ 2024-06-17 03:23:08,348 ] 23 root - INFO - Exporting collection data as pandas dataframe
[ 2024-06-17 03:23:08,348 ] 21 root - INFO - Reading data from database: aps and collection: sensor
[ 2024-06-17 03:23:10,168 ] 23 root - INFO - Found columns: Index(['_id', 'class', 'aa_000', 'ab_000', 'ac_000', 'ad_000', 'ae_000',
       'af_000', 'ag_000', 'ag_001',
       ...
       'ee_002', 'ee_003', 'ee_004', 'ee_005', 'ee_006', 'ee_007', 'ee_008',
       'ee_009', 'ef_000', 'eg_000'],
      dtype='object', length=172)
[ 2024-06-17 03:23:10,168 ] 25 root - INFO - Dropping column: _id 
[ 2024-06-17 03:23:10,295 ] 27 root - INFO - Row and columns in df: (36188, 171)
[ 2024-06-17 03:23:10,295 ] 29 root - INFO - Save data in feature store
[ 2024-06-17 03:23:10,853 ] 35 root - INFO - Create feature store folder if not available
[ 2024-06-17 03:23:10,853 ] 39 root - INFO - Save df to feature store folder
[ 2024-06-17 03:23:11,510 ] 44 root - INFO - split dataset into train and test set
[ 2024-06-17 03:23:11,597 ] 48 root - INFO - create dataset directory folder if not available
[ 2024-06-17 03:23:11,598 ] 53 root - INFO - Save df to feature store folder
[ 2024-06-17 03:23:12,264 ] 65 root - INFO - Data ingestion artifact: DataIngestionArtifact(feature_store_file_path='/Users/prakhar/Desktop/VS Code Files/ineuron/AirPressure-sensor-fault-detection/artifact/06172024__032308/data_ingestion/feature_store/sensor.csv', train_file_path='/Users/prakhar/Desktop/VS Code Files/ineuron/AirPressure-sensor-fault-detection/artifact/06172024__032308/data_ingestion/dataset/train.csv', test_file_path='/Users/prakhar/Desktop/VS Code Files/ineuron/AirPressure-sensor-fault-detection/artifact/06172024__032308/data_ingestion/dataset/test.csv')
[ 2024-06-17 03:23:12,419 ] 18 root - INFO - >>>>>>>>>>>>>>>>>>>>>>>>>>>>>>>>>>>>>>>> Data Validation <<<<<<<<<<<<<<<<<<<<<<<<<<<<<<<<<<<<<<<<
[ 2024-06-17 03:23:12,419 ] 107 root - INFO - Reading base dataframe
[ 2024-06-17 03:23:13,442 ] 110 root - INFO - Replace na value in base df
[ 2024-06-17 03:23:13,442 ] 112 root - INFO - Drop null values colums from base df
[ 2024-06-17 03:23:13,565 ] 41 root - INFO - selecting column name which contains null above to 0.2
[ 2024-06-17 03:23:13,565 ] 44 root - INFO - Columns to drop: ['ab_000', 'ad_000', 'bk_000', 'bl_000', 'bm_000', 'bn_000', 'bo_000', 'bp_000', 'bq_000', 'br_000', 'cf_000', 'cg_000', 'ch_000', 'co_000', 'cr_000', 'ct_000', 'cu_000', 'cv_000', 'cx_000', 'cy_000', 'cz_000', 'da_000', 'db_000', 'dc_000']
[ 2024-06-17 03:23:13,611 ] 115 root - INFO - Reading train dataframe
[ 2024-06-17 03:23:13,792 ] 117 root - INFO - Reading test dataframe
[ 2024-06-17 03:23:13,846 ] 120 root - INFO - Drop null values colums from train df
[ 2024-06-17 03:23:13,849 ] 41 root - INFO - selecting column name which contains null above to 0.2
[ 2024-06-17 03:23:13,849 ] 44 root - INFO - Columns to drop: ['ab_000', 'ad_000', 'bk_000', 'bl_000', 'bm_000', 'bn_000', 'bo_000', 'bp_000', 'bq_000', 'br_000', 'cf_000', 'cg_000', 'ch_000', 'co_000', 'cr_000', 'ct_000', 'cu_000', 'cv_000', 'cx_000', 'cy_000', 'cz_000', 'da_000', 'db_000', 'dc_000']
[ 2024-06-17 03:23:13,853 ] 122 root - INFO - Drop null values colums from test df
[ 2024-06-17 03:23:13,854 ] 41 root - INFO - selecting column name which contains null above to 0.2
[ 2024-06-17 03:23:13,854 ] 44 root - INFO - Columns to drop: ['ab_000', 'ad_000', 'bk_000', 'bl_000', 'bm_000', 'bn_000', 'bo_000', 'bp_000', 'bq_000', 'br_000', 'cf_000', 'cg_000', 'ch_000', 'co_000', 'cr_000', 'ct_000', 'cu_000', 'cv_000', 'cx_000', 'cy_000', 'cz_000', 'da_000', 'db_000', 'dc_000']
[ 2024-06-17 03:23:14,100 ] 131 root - INFO - Is all required columns present in train df
[ 2024-06-17 03:23:14,100 ] 133 root - INFO - Is all required columns present in test df
[ 2024-06-17 03:23:14,100 ] 137 root - INFO - As all column are available in train df hence detecting data drift
[ 2024-06-17 03:23:14,100 ] 85 root - INFO - Hypothesis class: object, object 
[ 2024-06-17 03:23:14,173 ] 85 root - INFO - Hypothesis aa_000: float64, float64 
[ 2024-06-17 03:23:14,180 ] 85 root - INFO - Hypothesis ac_000: float64, float64 
[ 2024-06-17 03:23:14,180 ] 85 root - INFO - Hypothesis ae_000: float64, float64 
[ 2024-06-17 03:23:14,180 ] 85 root - INFO - Hypothesis af_000: float64, float64 
[ 2024-06-17 03:23:14,180 ] 85 root - INFO - Hypothesis ag_000: float64, float64 
[ 2024-06-17 03:23:14,181 ] 85 root - INFO - Hypothesis ag_001: float64, float64 
[ 2024-06-17 03:23:14,181 ] 85 root - INFO - Hypothesis ag_002: float64, float64 
[ 2024-06-17 03:23:14,181 ] 85 root - INFO - Hypothesis ag_003: float64, float64 
[ 2024-06-17 03:23:14,181 ] 85 root - INFO - Hypothesis ag_004: float64, float64 
[ 2024-06-17 03:23:14,181 ] 85 root - INFO - Hypothesis ag_005: float64, float64 
[ 2024-06-17 03:23:14,181 ] 85 root - INFO - Hypothesis ag_006: float64, float64 
[ 2024-06-17 03:23:14,182 ] 85 root - INFO - Hypothesis ag_007: float64, float64 
[ 2024-06-17 03:23:14,182 ] 85 root - INFO - Hypothesis ag_008: float64, float64 
[ 2024-06-17 03:23:14,182 ] 85 root - INFO - Hypothesis ag_009: float64, float64 
[ 2024-06-17 03:23:14,182 ] 85 root - INFO - Hypothesis ah_000: float64, float64 
[ 2024-06-17 03:23:14,182 ] 85 root - INFO - Hypothesis ai_000: float64, float64 
[ 2024-06-17 03:23:14,183 ] 85 root - INFO - Hypothesis aj_000: float64, float64 
[ 2024-06-17 03:23:14,183 ] 85 root - INFO - Hypothesis ak_000: float64, float64 
[ 2024-06-17 03:23:14,183 ] 85 root - INFO - Hypothesis al_000: float64, float64 
[ 2024-06-17 03:23:14,183 ] 85 root - INFO - Hypothesis am_0: float64, float64 
[ 2024-06-17 03:23:14,183 ] 85 root - INFO - Hypothesis an_000: float64, float64 
[ 2024-06-17 03:23:14,183 ] 85 root - INFO - Hypothesis ao_000: float64, float64 
[ 2024-06-17 03:23:14,184 ] 85 root - INFO - Hypothesis ap_000: float64, float64 
[ 2024-06-17 03:23:14,184 ] 85 root - INFO - Hypothesis aq_000: float64, float64 
[ 2024-06-17 03:23:14,184 ] 85 root - INFO - Hypothesis ar_000: float64, float64 
[ 2024-06-17 03:23:14,184 ] 85 root - INFO - Hypothesis as_000: float64, float64 
[ 2024-06-17 03:23:14,184 ] 85 root - INFO - Hypothesis at_000: float64, float64 
[ 2024-06-17 03:23:14,185 ] 85 root - INFO - Hypothesis au_000: float64, float64 
[ 2024-06-17 03:23:14,185 ] 85 root - INFO - Hypothesis av_000: float64, float64 
[ 2024-06-17 03:23:14,185 ] 85 root - INFO - Hypothesis ax_000: float64, float64 
[ 2024-06-17 03:23:14,185 ] 85 root - INFO - Hypothesis ay_000: float64, float64 
[ 2024-06-17 03:23:14,185 ] 85 root - INFO - Hypothesis ay_001: float64, float64 
[ 2024-06-17 03:23:14,185 ] 85 root - INFO - Hypothesis ay_002: float64, float64 
[ 2024-06-17 03:23:14,186 ] 85 root - INFO - Hypothesis ay_003: float64, float64 
[ 2024-06-17 03:23:14,186 ] 85 root - INFO - Hypothesis ay_004: float64, float64 
[ 2024-06-17 03:23:14,186 ] 85 root - INFO - Hypothesis ay_005: float64, float64 
[ 2024-06-17 03:23:14,186 ] 85 root - INFO - Hypothesis ay_006: float64, float64 
[ 2024-06-17 03:23:14,186 ] 85 root - INFO - Hypothesis ay_007: float64, float64 
[ 2024-06-17 03:23:14,187 ] 85 root - INFO - Hypothesis ay_008: float64, float64 
[ 2024-06-17 03:23:14,187 ] 85 root - INFO - Hypothesis ay_009: float64, float64 
[ 2024-06-17 03:23:14,187 ] 85 root - INFO - Hypothesis az_000: float64, float64 
[ 2024-06-17 03:23:14,187 ] 85 root - INFO - Hypothesis az_001: float64, float64 
[ 2024-06-17 03:23:14,187 ] 85 root - INFO - Hypothesis az_002: float64, float64 
[ 2024-06-17 03:23:14,187 ] 85 root - INFO - Hypothesis az_003: float64, float64 
[ 2024-06-17 03:23:14,188 ] 85 root - INFO - Hypothesis az_004: float64, float64 
[ 2024-06-17 03:23:14,188 ] 85 root - INFO - Hypothesis az_005: float64, float64 
[ 2024-06-17 03:23:14,188 ] 85 root - INFO - Hypothesis az_006: float64, float64 
[ 2024-06-17 03:23:14,188 ] 85 root - INFO - Hypothesis az_007: float64, float64 
[ 2024-06-17 03:23:14,188 ] 85 root - INFO - Hypothesis az_008: float64, float64 
[ 2024-06-17 03:23:14,188 ] 85 root - INFO - Hypothesis az_009: float64, float64 
[ 2024-06-17 03:23:14,189 ] 85 root - INFO - Hypothesis ba_000: float64, float64 
[ 2024-06-17 03:23:14,189 ] 85 root - INFO - Hypothesis ba_001: float64, float64 
[ 2024-06-17 03:23:14,189 ] 85 root - INFO - Hypothesis ba_002: float64, float64 
[ 2024-06-17 03:23:14,189 ] 85 root - INFO - Hypothesis ba_003: float64, float64 
[ 2024-06-17 03:23:14,189 ] 85 root - INFO - Hypothesis ba_004: float64, float64 
[ 2024-06-17 03:23:14,190 ] 85 root - INFO - Hypothesis ba_005: float64, float64 
[ 2024-06-17 03:23:14,190 ] 85 root - INFO - Hypothesis ba_006: float64, float64 
[ 2024-06-17 03:23:14,190 ] 85 root - INFO - Hypothesis ba_007: float64, float64 
[ 2024-06-17 03:23:14,190 ] 85 root - INFO - Hypothesis ba_008: float64, float64 
[ 2024-06-17 03:23:14,190 ] 85 root - INFO - Hypothesis ba_009: float64, float64 
[ 2024-06-17 03:23:14,190 ] 85 root - INFO - Hypothesis bb_000: float64, float64 
[ 2024-06-17 03:23:14,191 ] 85 root - INFO - Hypothesis bc_000: float64, float64 
[ 2024-06-17 03:23:14,191 ] 85 root - INFO - Hypothesis bd_000: float64, float64 
[ 2024-06-17 03:23:14,191 ] 85 root - INFO - Hypothesis be_000: float64, float64 
[ 2024-06-17 03:23:14,191 ] 85 root - INFO - Hypothesis bf_000: float64, float64 
[ 2024-06-17 03:23:14,191 ] 85 root - INFO - Hypothesis bg_000: float64, float64 
[ 2024-06-17 03:23:14,192 ] 85 root - INFO - Hypothesis bh_000: float64, float64 
[ 2024-06-17 03:23:14,192 ] 85 root - INFO - Hypothesis bi_000: float64, float64 
[ 2024-06-17 03:23:14,192 ] 85 root - INFO - Hypothesis bj_000: float64, float64 
[ 2024-06-17 03:23:14,192 ] 85 root - INFO - Hypothesis bs_000: float64, float64 
[ 2024-06-17 03:23:14,192 ] 85 root - INFO - Hypothesis bt_000: float64, float64 
[ 2024-06-17 03:23:14,193 ] 85 root - INFO - Hypothesis bu_000: float64, float64 
[ 2024-06-17 03:23:14,193 ] 85 root - INFO - Hypothesis bv_000: float64, float64 
[ 2024-06-17 03:23:14,193 ] 85 root - INFO - Hypothesis bx_000: float64, float64 
[ 2024-06-17 03:23:14,193 ] 85 root - INFO - Hypothesis by_000: float64, float64 
[ 2024-06-17 03:23:14,193 ] 85 root - INFO - Hypothesis bz_000: float64, float64 
[ 2024-06-17 03:23:14,194 ] 85 root - INFO - Hypothesis ca_000: float64, float64 
[ 2024-06-17 03:23:14,194 ] 85 root - INFO - Hypothesis cb_000: float64, float64 
[ 2024-06-17 03:23:14,194 ] 85 root - INFO - Hypothesis cc_000: float64, float64 
[ 2024-06-17 03:23:14,194 ] 85 root - INFO - Hypothesis cd_000: float64, float64 
[ 2024-06-17 03:23:14,194 ] 85 root - INFO - Hypothesis ce_000: float64, float64 
[ 2024-06-17 03:23:14,195 ] 85 root - INFO - Hypothesis ci_000: float64, float64 
[ 2024-06-17 03:23:14,195 ] 85 root - INFO - Hypothesis cj_000: float64, float64 
[ 2024-06-17 03:23:14,195 ] 85 root - INFO - Hypothesis ck_000: float64, float64 
[ 2024-06-17 03:23:14,195 ] 85 root - INFO - Hypothesis cl_000: float64, float64 
[ 2024-06-17 03:23:14,195 ] 85 root - INFO - Hypothesis cm_000: float64, float64 
[ 2024-06-17 03:23:14,195 ] 85 root - INFO - Hypothesis cn_000: float64, float64 
[ 2024-06-17 03:23:14,196 ] 85 root - INFO - Hypothesis cn_001: float64, float64 
[ 2024-06-17 03:23:14,196 ] 85 root - INFO - Hypothesis cn_002: float64, float64 
[ 2024-06-17 03:23:14,196 ] 85 root - INFO - Hypothesis cn_003: float64, float64 
[ 2024-06-17 03:23:14,196 ] 85 root - INFO - Hypothesis cn_004: float64, float64 
[ 2024-06-17 03:23:14,196 ] 85 root - INFO - Hypothesis cn_005: float64, float64 
[ 2024-06-17 03:23:14,197 ] 85 root - INFO - Hypothesis cn_006: float64, float64 
[ 2024-06-17 03:23:14,197 ] 85 root - INFO - Hypothesis cn_007: float64, float64 
[ 2024-06-17 03:23:14,197 ] 85 root - INFO - Hypothesis cn_008: float64, float64 
[ 2024-06-17 03:23:14,197 ] 85 root - INFO - Hypothesis cn_009: float64, float64 
[ 2024-06-17 03:23:14,197 ] 85 root - INFO - Hypothesis cp_000: float64, float64 
[ 2024-06-17 03:23:14,197 ] 85 root - INFO - Hypothesis cq_000: float64, float64 
[ 2024-06-17 03:23:14,198 ] 85 root - INFO - Hypothesis cs_000: float64, float64 
[ 2024-06-17 03:23:14,198 ] 85 root - INFO - Hypothesis cs_001: float64, float64 
[ 2024-06-17 03:23:14,198 ] 85 root - INFO - Hypothesis cs_002: float64, float64 
[ 2024-06-17 03:23:14,198 ] 85 root - INFO - Hypothesis cs_003: float64, float64 
[ 2024-06-17 03:23:14,198 ] 85 root - INFO - Hypothesis cs_004: float64, float64 
[ 2024-06-17 03:23:14,198 ] 85 root - INFO - Hypothesis cs_005: float64, float64 
[ 2024-06-17 03:23:14,199 ] 85 root - INFO - Hypothesis cs_006: float64, float64 
[ 2024-06-17 03:23:14,199 ] 85 root - INFO - Hypothesis cs_007: float64, float64 
[ 2024-06-17 03:23:14,199 ] 85 root - INFO - Hypothesis cs_008: float64, float64 
[ 2024-06-17 03:23:14,199 ] 85 root - INFO - Hypothesis cs_009: float64, float64 
[ 2024-06-17 03:23:14,199 ] 85 root - INFO - Hypothesis dd_000: float64, float64 
[ 2024-06-17 03:23:14,200 ] 85 root - INFO - Hypothesis de_000: float64, float64 
[ 2024-06-17 03:23:14,200 ] 85 root - INFO - Hypothesis df_000: float64, float64 
[ 2024-06-17 03:23:14,200 ] 85 root - INFO - Hypothesis dg_000: float64, float64 
[ 2024-06-17 03:23:14,200 ] 85 root - INFO - Hypothesis dh_000: float64, float64 
[ 2024-06-17 03:23:14,200 ] 85 root - INFO - Hypothesis di_000: float64, float64 
[ 2024-06-17 03:23:14,200 ] 85 root - INFO - Hypothesis dj_000: float64, float64 
[ 2024-06-17 03:23:14,201 ] 85 root - INFO - Hypothesis dk_000: float64, float64 
[ 2024-06-17 03:23:14,201 ] 85 root - INFO - Hypothesis dl_000: float64, float64 
[ 2024-06-17 03:23:14,201 ] 85 root - INFO - Hypothesis dm_000: float64, float64 
[ 2024-06-17 03:23:14,201 ] 85 root - INFO - Hypothesis dn_000: float64, float64 
[ 2024-06-17 03:23:14,201 ] 85 root - INFO - Hypothesis do_000: float64, float64 
[ 2024-06-17 03:23:14,201 ] 85 root - INFO - Hypothesis dp_000: float64, float64 
[ 2024-06-17 03:23:14,202 ] 85 root - INFO - Hypothesis dq_000: float64, float64 
[ 2024-06-17 03:23:14,202 ] 85 root - INFO - Hypothesis dr_000: float64, float64 
[ 2024-06-17 03:23:14,202 ] 85 root - INFO - Hypothesis ds_000: float64, float64 
[ 2024-06-17 03:23:14,202 ] 85 root - INFO - Hypothesis dt_000: float64, float64 
[ 2024-06-17 03:23:14,202 ] 85 root - INFO - Hypothesis du_000: float64, float64 
[ 2024-06-17 03:23:14,202 ] 85 root - INFO - Hypothesis dv_000: float64, float64 
[ 2024-06-17 03:23:14,203 ] 85 root - INFO - Hypothesis dx_000: float64, float64 
[ 2024-06-17 03:23:14,203 ] 85 root - INFO - Hypothesis dy_000: float64, float64 
[ 2024-06-17 03:23:14,203 ] 85 root - INFO - Hypothesis dz_000: float64, float64 
[ 2024-06-17 03:23:14,203 ] 85 root - INFO - Hypothesis ea_000: float64, float64 
[ 2024-06-17 03:23:14,203 ] 85 root - INFO - Hypothesis eb_000: float64, float64 
[ 2024-06-17 03:23:14,204 ] 85 root - INFO - Hypothesis ec_00: float64, float64 
[ 2024-06-17 03:23:14,204 ] 85 root - INFO - Hypothesis ed_000: float64, float64 
[ 2024-06-17 03:23:14,204 ] 85 root - INFO - Hypothesis ee_000: float64, float64 
[ 2024-06-17 03:23:14,204 ] 85 root - INFO - Hypothesis ee_001: float64, float64 
[ 2024-06-17 03:23:14,204 ] 85 root - INFO - Hypothesis ee_002: float64, float64 
[ 2024-06-17 03:23:14,204 ] 85 root - INFO - Hypothesis ee_003: float64, float64 
[ 2024-06-17 03:23:14,205 ] 85 root - INFO - Hypothesis ee_004: float64, float64 
[ 2024-06-17 03:23:14,205 ] 85 root - INFO - Hypothesis ee_005: float64, float64 
[ 2024-06-17 03:23:14,205 ] 85 root - INFO - Hypothesis ee_006: float64, float64 
[ 2024-06-17 03:23:14,205 ] 85 root - INFO - Hypothesis ee_007: float64, float64 
[ 2024-06-17 03:23:14,205 ] 85 root - INFO - Hypothesis ee_008: float64, float64 
[ 2024-06-17 03:23:14,206 ] 85 root - INFO - Hypothesis ee_009: float64, float64 
[ 2024-06-17 03:23:14,206 ] 85 root - INFO - Hypothesis ef_000: float64, float64 
[ 2024-06-17 03:23:14,206 ] 85 root - INFO - Hypothesis eg_000: float64, float64 
[ 2024-06-17 03:23:14,206 ] 140 root - INFO - As all column are available in test df hence detecting data drift
[ 2024-06-17 03:23:14,206 ] 85 root - INFO - Hypothesis class: object, object 
[ 2024-06-17 03:23:14,248 ] 85 root - INFO - Hypothesis aa_000: float64, float64 
[ 2024-06-17 03:23:14,252 ] 85 root - INFO - Hypothesis ac_000: float64, float64 
[ 2024-06-17 03:23:14,253 ] 85 root - INFO - Hypothesis ae_000: float64, float64 
[ 2024-06-17 03:23:14,253 ] 85 root - INFO - Hypothesis af_000: float64, float64 
[ 2024-06-17 03:23:14,253 ] 85 root - INFO - Hypothesis ag_000: float64, float64 
[ 2024-06-17 03:23:14,253 ] 85 root - INFO - Hypothesis ag_001: float64, float64 
[ 2024-06-17 03:23:14,253 ] 85 root - INFO - Hypothesis ag_002: float64, float64 
[ 2024-06-17 03:23:14,253 ] 85 root - INFO - Hypothesis ag_003: float64, float64 
[ 2024-06-17 03:23:14,254 ] 85 root - INFO - Hypothesis ag_004: float64, float64 
[ 2024-06-17 03:23:14,254 ] 85 root - INFO - Hypothesis ag_005: float64, float64 
[ 2024-06-17 03:23:14,254 ] 85 root - INFO - Hypothesis ag_006: float64, float64 
[ 2024-06-17 03:23:14,254 ] 85 root - INFO - Hypothesis ag_007: float64, float64 
[ 2024-06-17 03:23:14,254 ] 85 root - INFO - Hypothesis ag_008: float64, float64 
[ 2024-06-17 03:23:14,254 ] 85 root - INFO - Hypothesis ag_009: float64, float64 
[ 2024-06-17 03:23:14,255 ] 85 root - INFO - Hypothesis ah_000: float64, float64 
[ 2024-06-17 03:23:14,255 ] 85 root - INFO - Hypothesis ai_000: float64, float64 
[ 2024-06-17 03:23:14,255 ] 85 root - INFO - Hypothesis aj_000: float64, float64 
[ 2024-06-17 03:23:14,255 ] 85 root - INFO - Hypothesis ak_000: float64, float64 
[ 2024-06-17 03:23:14,255 ] 85 root - INFO - Hypothesis al_000: float64, float64 
[ 2024-06-17 03:23:14,255 ] 85 root - INFO - Hypothesis am_0: float64, float64 
[ 2024-06-17 03:23:14,256 ] 85 root - INFO - Hypothesis an_000: float64, float64 
[ 2024-06-17 03:23:14,256 ] 85 root - INFO - Hypothesis ao_000: float64, float64 
[ 2024-06-17 03:23:14,256 ] 85 root - INFO - Hypothesis ap_000: float64, float64 
[ 2024-06-17 03:23:14,256 ] 85 root - INFO - Hypothesis aq_000: float64, float64 
[ 2024-06-17 03:23:14,256 ] 85 root - INFO - Hypothesis ar_000: float64, float64 
[ 2024-06-17 03:23:14,257 ] 85 root - INFO - Hypothesis as_000: float64, float64 
[ 2024-06-17 03:23:14,257 ] 85 root - INFO - Hypothesis at_000: float64, float64 
[ 2024-06-17 03:23:14,257 ] 85 root - INFO - Hypothesis au_000: float64, float64 
[ 2024-06-17 03:23:14,257 ] 85 root - INFO - Hypothesis av_000: float64, float64 
[ 2024-06-17 03:23:14,257 ] 85 root - INFO - Hypothesis ax_000: float64, float64 
[ 2024-06-17 03:23:14,257 ] 85 root - INFO - Hypothesis ay_000: float64, float64 
[ 2024-06-17 03:23:14,258 ] 85 root - INFO - Hypothesis ay_001: float64, float64 
[ 2024-06-17 03:23:14,258 ] 85 root - INFO - Hypothesis ay_002: float64, float64 
[ 2024-06-17 03:23:14,258 ] 85 root - INFO - Hypothesis ay_003: float64, float64 
[ 2024-06-17 03:23:14,258 ] 85 root - INFO - Hypothesis ay_004: float64, float64 
[ 2024-06-17 03:23:14,258 ] 85 root - INFO - Hypothesis ay_005: float64, float64 
[ 2024-06-17 03:23:14,259 ] 85 root - INFO - Hypothesis ay_006: float64, float64 
[ 2024-06-17 03:23:14,259 ] 85 root - INFO - Hypothesis ay_007: float64, float64 
[ 2024-06-17 03:23:14,259 ] 85 root - INFO - Hypothesis ay_008: float64, float64 
[ 2024-06-17 03:23:14,259 ] 85 root - INFO - Hypothesis ay_009: float64, float64 
[ 2024-06-17 03:23:14,259 ] 85 root - INFO - Hypothesis az_000: float64, float64 
[ 2024-06-17 03:23:14,259 ] 85 root - INFO - Hypothesis az_001: float64, float64 
[ 2024-06-17 03:23:14,260 ] 85 root - INFO - Hypothesis az_002: float64, float64 
[ 2024-06-17 03:23:14,260 ] 85 root - INFO - Hypothesis az_003: float64, float64 
[ 2024-06-17 03:23:14,260 ] 85 root - INFO - Hypothesis az_004: float64, float64 
[ 2024-06-17 03:23:14,260 ] 85 root - INFO - Hypothesis az_005: float64, float64 
[ 2024-06-17 03:23:14,260 ] 85 root - INFO - Hypothesis az_006: float64, float64 
[ 2024-06-17 03:23:14,260 ] 85 root - INFO - Hypothesis az_007: float64, float64 
[ 2024-06-17 03:23:14,261 ] 85 root - INFO - Hypothesis az_008: float64, float64 
[ 2024-06-17 03:23:14,261 ] 85 root - INFO - Hypothesis az_009: float64, float64 
[ 2024-06-17 03:23:14,261 ] 85 root - INFO - Hypothesis ba_000: float64, float64 
[ 2024-06-17 03:23:14,261 ] 85 root - INFO - Hypothesis ba_001: float64, float64 
[ 2024-06-17 03:23:14,261 ] 85 root - INFO - Hypothesis ba_002: float64, float64 
[ 2024-06-17 03:23:14,261 ] 85 root - INFO - Hypothesis ba_003: float64, float64 
[ 2024-06-17 03:23:14,262 ] 85 root - INFO - Hypothesis ba_004: float64, float64 
[ 2024-06-17 03:23:14,262 ] 85 root - INFO - Hypothesis ba_005: float64, float64 
[ 2024-06-17 03:23:14,262 ] 85 root - INFO - Hypothesis ba_006: float64, float64 
[ 2024-06-17 03:23:14,262 ] 85 root - INFO - Hypothesis ba_007: float64, float64 
[ 2024-06-17 03:23:14,262 ] 85 root - INFO - Hypothesis ba_008: float64, float64 
[ 2024-06-17 03:23:14,263 ] 85 root - INFO - Hypothesis ba_009: float64, float64 
[ 2024-06-17 03:23:14,263 ] 85 root - INFO - Hypothesis bb_000: float64, float64 
[ 2024-06-17 03:23:14,263 ] 85 root - INFO - Hypothesis bc_000: float64, float64 
[ 2024-06-17 03:23:14,263 ] 85 root - INFO - Hypothesis bd_000: float64, float64 
[ 2024-06-17 03:23:14,263 ] 85 root - INFO - Hypothesis be_000: float64, float64 
[ 2024-06-17 03:23:14,263 ] 85 root - INFO - Hypothesis bf_000: float64, float64 
[ 2024-06-17 03:23:14,264 ] 85 root - INFO - Hypothesis bg_000: float64, float64 
[ 2024-06-17 03:23:14,264 ] 85 root - INFO - Hypothesis bh_000: float64, float64 
[ 2024-06-17 03:23:14,264 ] 85 root - INFO - Hypothesis bi_000: float64, float64 
[ 2024-06-17 03:23:14,264 ] 85 root - INFO - Hypothesis bj_000: float64, float64 
[ 2024-06-17 03:23:14,264 ] 85 root - INFO - Hypothesis bs_000: float64, float64 
[ 2024-06-17 03:23:14,264 ] 85 root - INFO - Hypothesis bt_000: float64, float64 
[ 2024-06-17 03:23:14,265 ] 85 root - INFO - Hypothesis bu_000: float64, float64 
[ 2024-06-17 03:23:14,265 ] 85 root - INFO - Hypothesis bv_000: float64, float64 
[ 2024-06-17 03:23:14,265 ] 85 root - INFO - Hypothesis bx_000: float64, float64 
[ 2024-06-17 03:23:14,265 ] 85 root - INFO - Hypothesis by_000: float64, float64 
[ 2024-06-17 03:23:14,265 ] 85 root - INFO - Hypothesis bz_000: float64, float64 
[ 2024-06-17 03:23:14,265 ] 85 root - INFO - Hypothesis ca_000: float64, float64 
[ 2024-06-17 03:23:14,266 ] 85 root - INFO - Hypothesis cb_000: float64, float64 
[ 2024-06-17 03:23:14,266 ] 85 root - INFO - Hypothesis cc_000: float64, float64 
[ 2024-06-17 03:23:14,266 ] 85 root - INFO - Hypothesis cd_000: float64, float64 
[ 2024-06-17 03:23:14,266 ] 85 root - INFO - Hypothesis ce_000: float64, float64 
[ 2024-06-17 03:23:14,266 ] 85 root - INFO - Hypothesis ci_000: float64, float64 
[ 2024-06-17 03:23:14,267 ] 85 root - INFO - Hypothesis cj_000: float64, float64 
[ 2024-06-17 03:23:14,267 ] 85 root - INFO - Hypothesis ck_000: float64, float64 
[ 2024-06-17 03:23:14,267 ] 85 root - INFO - Hypothesis cl_000: float64, float64 
[ 2024-06-17 03:23:14,267 ] 85 root - INFO - Hypothesis cm_000: float64, float64 
[ 2024-06-17 03:23:14,267 ] 85 root - INFO - Hypothesis cn_000: float64, float64 
[ 2024-06-17 03:23:14,267 ] 85 root - INFO - Hypothesis cn_001: float64, float64 
[ 2024-06-17 03:23:14,268 ] 85 root - INFO - Hypothesis cn_002: float64, float64 
[ 2024-06-17 03:23:14,268 ] 85 root - INFO - Hypothesis cn_003: float64, float64 
[ 2024-06-17 03:23:14,268 ] 85 root - INFO - Hypothesis cn_004: float64, float64 
[ 2024-06-17 03:23:14,268 ] 85 root - INFO - Hypothesis cn_005: float64, float64 
[ 2024-06-17 03:23:14,268 ] 85 root - INFO - Hypothesis cn_006: float64, float64 
[ 2024-06-17 03:23:14,268 ] 85 root - INFO - Hypothesis cn_007: float64, float64 
[ 2024-06-17 03:23:14,269 ] 85 root - INFO - Hypothesis cn_008: float64, float64 
[ 2024-06-17 03:23:14,269 ] 85 root - INFO - Hypothesis cn_009: float64, float64 
[ 2024-06-17 03:23:14,269 ] 85 root - INFO - Hypothesis cp_000: float64, float64 
[ 2024-06-17 03:23:14,269 ] 85 root - INFO - Hypothesis cq_000: float64, float64 
[ 2024-06-17 03:23:14,269 ] 85 root - INFO - Hypothesis cs_000: float64, float64 
[ 2024-06-17 03:23:14,269 ] 85 root - INFO - Hypothesis cs_001: float64, float64 
[ 2024-06-17 03:23:14,270 ] 85 root - INFO - Hypothesis cs_002: float64, float64 
[ 2024-06-17 03:23:14,270 ] 85 root - INFO - Hypothesis cs_003: float64, float64 
[ 2024-06-17 03:23:14,270 ] 85 root - INFO - Hypothesis cs_004: float64, float64 
[ 2024-06-17 03:23:14,270 ] 85 root - INFO - Hypothesis cs_005: float64, float64 
[ 2024-06-17 03:23:14,270 ] 85 root - INFO - Hypothesis cs_006: float64, float64 
[ 2024-06-17 03:23:14,271 ] 85 root - INFO - Hypothesis cs_007: float64, float64 
[ 2024-06-17 03:23:14,271 ] 85 root - INFO - Hypothesis cs_008: float64, float64 
[ 2024-06-17 03:23:14,271 ] 85 root - INFO - Hypothesis cs_009: float64, float64 
[ 2024-06-17 03:23:14,271 ] 85 root - INFO - Hypothesis dd_000: float64, float64 
[ 2024-06-17 03:23:14,271 ] 85 root - INFO - Hypothesis de_000: float64, float64 
[ 2024-06-17 03:23:14,271 ] 85 root - INFO - Hypothesis df_000: float64, float64 
[ 2024-06-17 03:23:14,272 ] 85 root - INFO - Hypothesis dg_000: float64, float64 
[ 2024-06-17 03:23:14,272 ] 85 root - INFO - Hypothesis dh_000: float64, float64 
[ 2024-06-17 03:23:14,272 ] 85 root - INFO - Hypothesis di_000: float64, float64 
[ 2024-06-17 03:23:14,272 ] 85 root - INFO - Hypothesis dj_000: float64, float64 
[ 2024-06-17 03:23:14,272 ] 85 root - INFO - Hypothesis dk_000: float64, float64 
[ 2024-06-17 03:23:14,272 ] 85 root - INFO - Hypothesis dl_000: float64, float64 
[ 2024-06-17 03:23:14,273 ] 85 root - INFO - Hypothesis dm_000: float64, float64 
[ 2024-06-17 03:23:14,273 ] 85 root - INFO - Hypothesis dn_000: float64, float64 
[ 2024-06-17 03:23:14,273 ] 85 root - INFO - Hypothesis do_000: float64, float64 
[ 2024-06-17 03:23:14,273 ] 85 root - INFO - Hypothesis dp_000: float64, float64 
[ 2024-06-17 03:23:14,273 ] 85 root - INFO - Hypothesis dq_000: float64, float64 
[ 2024-06-17 03:23:14,273 ] 85 root - INFO - Hypothesis dr_000: float64, float64 
[ 2024-06-17 03:23:14,274 ] 85 root - INFO - Hypothesis ds_000: float64, float64 
[ 2024-06-17 03:23:14,274 ] 85 root - INFO - Hypothesis dt_000: float64, float64 
[ 2024-06-17 03:23:14,274 ] 85 root - INFO - Hypothesis du_000: float64, float64 
[ 2024-06-17 03:23:14,274 ] 85 root - INFO - Hypothesis dv_000: float64, float64 
[ 2024-06-17 03:23:14,274 ] 85 root - INFO - Hypothesis dx_000: float64, float64 
[ 2024-06-17 03:23:14,275 ] 85 root - INFO - Hypothesis dy_000: float64, float64 
[ 2024-06-17 03:23:14,275 ] 85 root - INFO - Hypothesis dz_000: float64, float64 
[ 2024-06-17 03:23:14,275 ] 85 root - INFO - Hypothesis ea_000: float64, float64 
[ 2024-06-17 03:23:14,275 ] 85 root - INFO - Hypothesis eb_000: float64, float64 
[ 2024-06-17 03:23:14,275 ] 85 root - INFO - Hypothesis ec_00: float64, float64 
[ 2024-06-17 03:23:14,275 ] 85 root - INFO - Hypothesis ed_000: float64, float64 
[ 2024-06-17 03:23:14,276 ] 85 root - INFO - Hypothesis ee_000: float64, float64 
[ 2024-06-17 03:23:14,276 ] 85 root - INFO - Hypothesis ee_001: float64, float64 
[ 2024-06-17 03:23:14,276 ] 85 root - INFO - Hypothesis ee_002: float64, float64 
[ 2024-06-17 03:23:14,276 ] 85 root - INFO - Hypothesis ee_003: float64, float64 
[ 2024-06-17 03:23:14,276 ] 85 root - INFO - Hypothesis ee_004: float64, float64 
[ 2024-06-17 03:23:14,276 ] 85 root - INFO - Hypothesis ee_005: float64, float64 
[ 2024-06-17 03:23:14,277 ] 85 root - INFO - Hypothesis ee_006: float64, float64 
[ 2024-06-17 03:23:14,277 ] 85 root - INFO - Hypothesis ee_007: float64, float64 
[ 2024-06-17 03:23:14,277 ] 85 root - INFO - Hypothesis ee_008: float64, float64 
[ 2024-06-17 03:23:14,277 ] 85 root - INFO - Hypothesis ee_009: float64, float64 
[ 2024-06-17 03:23:14,277 ] 85 root - INFO - Hypothesis ef_000: float64, float64 
[ 2024-06-17 03:23:14,277 ] 85 root - INFO - Hypothesis eg_000: float64, float64 
[ 2024-06-17 03:23:14,278 ] 144 root - INFO - Write reprt in yaml file
[ 2024-06-17 03:23:14,298 ] 149 root - INFO - Data validation artifact: DataValidationArtifact(report_file_path='/Users/prakhar/Desktop/VS Code Files/ineuron/AirPressure-sensor-fault-detection/artifact/06172024__032308/data_validation/report.yaml')
[ 2024-06-17 03:23:14,327 ] 24 root - INFO - >>>>>>>>>>>>>>>>>>>>>>>>>>>>>>>>>>>>>>>> Data Transformation <<<<<<<<<<<<<<<<<<<<<<<<<<<<<<<<<<<<<<<<
[ 2024-06-17 03:23:14,750 ] 75 root - INFO - Before resampling in training set Input: (28950, 170) Target:(28950,)
[ 2024-06-17 03:23:20,993 ] 77 root - INFO - After resampling in training set Input: (56152, 170) Target:(56152,)
[ 2024-06-17 03:23:20,993 ] 79 root - INFO - Before resampling in testing set Input: (7238, 170) Target:(7238,)
[ 2024-06-17 03:23:21,409 ] 81 root - INFO - After resampling in testing set Input: (14072, 170) Target:(14072,)
[ 2024-06-17 03:23:21,467 ] 54 root - INFO - Entered the save_object method of utils
[ 2024-06-17 03:23:21,468 ] 58 root - INFO - Exited the save_object method of utils
[ 2024-06-17 03:23:21,468 ] 54 root - INFO - Entered the save_object method of utils
[ 2024-06-17 03:23:21,468 ] 58 root - INFO - Exited the save_object method of utils
[ 2024-06-17 03:23:21,469 ] 112 root - INFO - Data transformation object DataTransformationArtifact(transform_object_path='/Users/prakhar/Desktop/VS Code Files/ineuron/AirPressure-sensor-fault-detection/artifact/06172024__032308/data_transformation/transformer/transformer.pkl', transformed_train_path='/Users/prakhar/Desktop/VS Code Files/ineuron/AirPressure-sensor-fault-detection/artifact/06172024__032308/data_transformation/transformed/train.npz', transformed_test_path='/Users/prakhar/Desktop/VS Code Files/ineuron/AirPressure-sensor-fault-detection/artifact/06172024__032308/data_transformation/transformed/test.npz', target_encoder_path='/Users/prakhar/Desktop/VS Code Files/ineuron/AirPressure-sensor-fault-detection/artifact/06172024__032308/data_transformation/target_encoder/target_encoder.pkl')
[ 2024-06-17 03:23:21,472 ] 18 root - INFO - >>>>>>>>>>>>>>>>>>>>>>>>>>>>>>>>>>>>>>>> Model Trainer <<<<<<<<<<<<<<<<<<<<<<<<<<<<<<<<<<<<<<<<
[ 2024-06-17 03:23:21,472 ] 45 root - INFO - Loading train and test array.
[ 2024-06-17 03:23:21,485 ] 49 root - INFO - Splitting input and target feature from both train and test arr.
[ 2024-06-17 03:23:21,485 ] 53 root - INFO - Train the model
[ 2024-06-17 03:23:37,559 ] 56 root - INFO - Calculating f1 train score
[ 2024-06-17 03:23:37,615 ] 60 root - INFO - Calculating f1 test score
[ 2024-06-17 03:23:37,631 ] 64 root - INFO - train score:0.9999821908781678 and tests score 0.9694011365292147
[ 2024-06-17 03:23:37,631 ] 66 root - INFO - Checking if our model is underfitting or not
[ 2024-06-17 03:23:37,631 ] 71 root - INFO - Checking if our model is overfiiting or not
[ 2024-06-17 03:23:37,631 ] 78 root - INFO - Saving mode object
[ 2024-06-17 03:23:37,631 ] 54 root - INFO - Entered the save_object method of utils
[ 2024-06-17 03:23:37,633 ] 58 root - INFO - Exited the save_object method of utils
[ 2024-06-17 03:23:37,633 ] 82 root - INFO - Prepare the artifact
[ 2024-06-17 03:23:37,633 ] 85 root - INFO - Model trainer artifact: ModelTrainerArtifact(model_path='/Users/prakhar/Desktop/VS Code Files/ineuron/AirPressure-sensor-fault-detection/artifact/06172024__032308/model_trainer/model/model.pkl', f1_train_score=np.float64(0.9999821908781678), f1_test_score=np.float64(0.9694011365292147))
[ 2024-06-17 03:23:37,634 ] 19 root - INFO - >>>>>>>>>>>>>>>>>>>>>>>>>>>>>>>>>>>>>>>>  Model Evaluation <<<<<<<<<<<<<<<<<<<<<<<<<<<<<<<<<<<<<<<<
[ 2024-06-17 03:23:37,634 ] 35 root - INFO - if saved model folder has model the we will compare which model is best trained or the model from saved model folder
[ 2024-06-17 03:23:37,634 ] 41 root - INFO - Model evaluation artifact: ModelEvaluationArtifact(is_model_accepted=True, improved_accuracy=None)
[ 2024-06-17 03:23:37,635 ] 14 root - INFO - >>>>>>>>>>>>>>>>>>>>>>>>>>>>>>>>>>>>>>>> Data Transformation <<<<<<<<<<<<<<<<<<<<<<<<<<<<<<<<<<<<<<<<
[ 2024-06-17 03:23:37,635 ] 25 root - INFO - Loading transformer model and target encoder
[ 2024-06-17 03:23:37,637 ] 31 root - INFO - Saving model into model pusher directory
[ 2024-06-17 03:23:37,638 ] 54 root - INFO - Entered the save_object method of utils
[ 2024-06-17 03:23:37,638 ] 58 root - INFO - Exited the save_object method of utils
[ 2024-06-17 03:23:37,639 ] 54 root - INFO - Entered the save_object method of utils
[ 2024-06-17 03:23:37,640 ] 58 root - INFO - Exited the save_object method of utils
[ 2024-06-17 03:23:37,640 ] 54 root - INFO - Entered the save_object method of utils
[ 2024-06-17 03:23:37,640 ] 58 root - INFO - Exited the save_object method of utils
[ 2024-06-17 03:23:37,640 ] 38 root - INFO - Saving model in saved model dir
[ 2024-06-17 03:23:37,640 ] 54 root - INFO - Entered the save_object method of utils
[ 2024-06-17 03:23:37,641 ] 58 root - INFO - Exited the save_object method of utils
[ 2024-06-17 03:23:37,641 ] 54 root - INFO - Entered the save_object method of utils
[ 2024-06-17 03:23:37,643 ] 58 root - INFO - Exited the save_object method of utils
[ 2024-06-17 03:23:37,643 ] 54 root - INFO - Entered the save_object method of utils
[ 2024-06-17 03:23:37,643 ] 58 root - INFO - Exited the save_object method of utils
[ 2024-06-17 03:23:37,643 ] 49 root - INFO - Model pusher artifact: ModelPusherArtifact(pusher_model_dir='/Users/prakhar/Desktop/VS Code Files/ineuron/AirPressure-sensor-fault-detection/artifact/06172024__032308/model_pusher/saved_models', saved_model_dir='saved_models')
